
*** Running vivado
    with args -log RAT_wrapper.vdi -applog -m64 -messageDb vivado.pb -mode batch -source RAT_wrapper.tcl -notrace


****** Vivado v2016.1 (64-bit)
  **** SW Build 1538259 on Fri Apr  8 15:45:27 MDT 2016
  **** IP Build 1537824 on Fri Apr  8 04:28:57 MDT 2016
    ** Copyright 1986-2016 Xilinx, Inc. All Rights Reserved.

source RAT_wrapper.tcl -notrace
Design is defaulting to srcset: sources_1
Design is defaulting to constrset: constrs_1
INFO: [Netlist 29-17] Analyzing 270 Unisim elements for replacement
INFO: [Netlist 29-28] Unisim Transformation completed in 0 CPU seconds
INFO: [Project 1-479] Netlist was created with Vivado 2016.1
INFO: [Device 21-403] Loading part xc7a35ticpg236-1L
INFO: [Project 1-570] Preparing netlist for logic optimization
Parsing XDC File [C:/Users/Calvin/CPE 233 Final Project/CPE 233 Final Project.srcs/constrs_1/new/Basys_Master_Final_Project.xdc]
Finished Parsing XDC File [C:/Users/Calvin/CPE 233 Final Project/CPE 233 Final Project.srcs/constrs_1/new/Basys_Master_Final_Project.xdc]
INFO: [Opt 31-138] Pushed 0 inverter(s) to 0 load pin(s).
INFO: [Project 1-111] Unisim Transformation Summary:
  A total of 19 instances were transformed.
  IOBUF => IOBUF (IBUF, OBUFT): 1 instances
  RAM256X1S => RAM256X1S (MUXF7, MUXF7, MUXF8, RAMS64E, RAMS64E, RAMS64E, RAMS64E): 10 instances
  RAM32X1D => RAM32X1D (RAMD32, RAMD32): 8 instances

link_design: Time (s): cpu = 00:00:05 ; elapsed = 00:00:05 . Memory (MB): peak = 441.398 ; gain = 234.590
INFO: [Vivado_Tcl 4-424] Cannot write hardware definition file as there are no IPI block design hardware handoff files present
Command: opt_design
Attempting to get a license for feature 'Implementation' and/or device 'xc7a35ti'
INFO: [Common 17-349] Got license for feature 'Implementation' and/or device 'xc7a35ti'
Running DRC as a precondition to command opt_design

Starting DRC Task
INFO: [DRC 23-27] Running DRC with 2 threads
INFO: [Project 1-461] DRC finished with 0 Errors
INFO: [Project 1-462] Please refer to the DRC report (report_drc) for more information.

Time (s): cpu = 00:00:00 ; elapsed = 00:00:00.103 . Memory (MB): peak = 444.422 ; gain = 3.023
INFO: [Timing 38-35] Done setting XDC timing constraints.

Starting Logic Optimization Task
Implement Debug Cores | Checksum: 23c9b73ce

Phase 1 Retarget
INFO: [Opt 31-138] Pushed 0 inverter(s) to 0 load pin(s).
INFO: [Opt 31-49] Retargeted 0 cell(s).
Phase 1 Retarget | Checksum: 14c8f0a64

Time (s): cpu = 00:00:01 ; elapsed = 00:00:00.407 . Memory (MB): peak = 913.926 ; gain = 0.000

Phase 2 Constant Propagation
INFO: [Opt 31-138] Pushed 0 inverter(s) to 0 load pin(s).
INFO: [Opt 31-10] Eliminated 0 cells.
Phase 2 Constant Propagation | Checksum: 14c8f0a64

Time (s): cpu = 00:00:01 ; elapsed = 00:00:00.502 . Memory (MB): peak = 913.926 ; gain = 0.000

Phase 3 Sweep
INFO: [Opt 31-12] Eliminated 637 unconnected nets.
INFO: [Opt 31-11] Eliminated 0 unconnected cells.
Phase 3 Sweep | Checksum: 20543a3e9

Time (s): cpu = 00:00:01 ; elapsed = 00:00:00.736 . Memory (MB): peak = 913.926 ; gain = 0.000

Starting Connectivity Check Task

Time (s): cpu = 00:00:00 ; elapsed = 00:00:00.006 . Memory (MB): peak = 913.926 ; gain = 0.000
Ending Logic Optimization Task | Checksum: 20543a3e9

Time (s): cpu = 00:00:01 ; elapsed = 00:00:00.758 . Memory (MB): peak = 913.926 ; gain = 0.000

Starting Power Optimization Task
INFO: [Pwropt 34-132] Skipping clock gating for clocks with a period < 2.00 ns.
INFO: [Pwropt 34-9] Applying IDT optimizations ...
INFO: [Pwropt 34-10] Applying ODC optimizations ...
INFO: [Timing 38-35] Done setting XDC timing constraints.
WARNING: [Power 33-232] No user defined clocks were found in the design!
Resolution: Please specify clocks using create_clock/create_generated_clock for sequential elements. For pure combinatorial circuits, please specify a virtual clock, otherwise the vectorless estimation might be inaccurate
Running Vector-less Activity Propagation...

Finished Running Vector-less Activity Propagation


Starting PowerOpt Patch Enables Task
INFO: [Pwropt 34-162] WRITE_MODE attribute of 0 BRAM(s) out of a total of 1 has been updated to save power. Run report_power_opt to get a complete listing of the BRAMs updated.
INFO: [Pwropt 34-201] Structural ODC has moved 0 WE to EN ports
Number of BRAM Ports augmented: 0 newly gated: 1 Total Ports: 2
Number of Flops added for Enable Generation: 1

Ending PowerOpt Patch Enables Task | Checksum: 21e5c713e

Time (s): cpu = 00:00:00 ; elapsed = 00:00:00.015 . Memory (MB): peak = 1033.715 ; gain = 0.000
Ending Power Optimization Task | Checksum: 21e5c713e

Time (s): cpu = 00:00:02 ; elapsed = 00:00:01 . Memory (MB): peak = 1033.715 ; gain = 119.789
INFO: [Common 17-83] Releasing license: Implementation
26 Infos, 1 Warnings, 0 Critical Warnings and 0 Errors encountered.
opt_design completed successfully
opt_design: Time (s): cpu = 00:00:14 ; elapsed = 00:00:14 . Memory (MB): peak = 1033.715 ; gain = 592.316
Writing placer database...
Writing XDEF routing.
Writing XDEF routing logical nets.
Writing XDEF routing special nets.
Write XDEF Complete: Time (s): cpu = 00:00:00 ; elapsed = 00:00:00.051 . Memory (MB): peak = 1033.715 ; gain = 0.000
INFO: [DRC 23-27] Running DRC with 2 threads
INFO: [Coretcl 2-168] The results of DRC are in file C:/Users/Calvin/CPE 233 Final Project/CPE 233 Final Project.runs/impl_1/RAT_wrapper_drc_opted.rpt.
INFO: [Chipscope 16-241] No debug cores found in the current design.
Before running the implement_debug_core command, either use the Set Up Debug wizard (GUI mode)
or use the create_debug_core and connect_debug_core Tcl commands to insert debug cores into the design.
Command: place_design
Attempting to get a license for feature 'Implementation' and/or device 'xc7a35ti'
INFO: [Common 17-349] Got license for feature 'Implementation' and/or device 'xc7a35ti'
INFO: [DRC 23-27] Running DRC with 2 threads
INFO: [Vivado_Tcl 4-198] DRC finished with 0 Errors
INFO: [Vivado_Tcl 4-199] Please refer to the DRC report (report_drc) for more information.
Running DRC as a precondition to command place_design
INFO: [DRC 23-27] Running DRC with 2 threads
WARNING: [DRC 23-20] Rule violation (CKLD-2) Clock Net has IO Driver, not a Clock Buf, and/or non-Clock loads - Clock net PS2C_IOBUF_inst/O is directly driven by an IO rather than a Clock Buffer or may be an IO driving a mix of Clock Buffer and non-Clock loads. This connectivity should be reviewed and corrected as appropriate. Driver(s): PS2C_IOBUF_inst/IBUF/O
WARNING: [DRC 23-20] Rule violation (REQP-1840) RAMB18 async control check - The RAMB18E1 CPU/prog_rom_port/ram_1024_x_18 has an input control pin CPU/prog_rom_port/ram_1024_x_18/ADDRARDADDR[10] (net: CPU/prog_rom_port/Q[6]) which is driven by a register (CPU/pc_port/PC_CNT_reg[6]) that has an active asychronous set or reset. This may cause corruption of the memory contents and/or read values when the set/reset is asserted and is not analyzed by the default static timing analysis. It is suggested to eliminate the use of a set/reset to registers driving this RAMB pin or else use a synchronous reset in which the assertion of the reset is timed by default.
WARNING: [DRC 23-20] Rule violation (REQP-1840) RAMB18 async control check - The RAMB18E1 CPU/prog_rom_port/ram_1024_x_18 has an input control pin CPU/prog_rom_port/ram_1024_x_18/ADDRARDADDR[11] (net: CPU/prog_rom_port/Q[7]) which is driven by a register (CPU/pc_port/PC_CNT_reg[7]) that has an active asychronous set or reset. This may cause corruption of the memory contents and/or read values when the set/reset is asserted and is not analyzed by the default static timing analysis. It is suggested to eliminate the use of a set/reset to registers driving this RAMB pin or else use a synchronous reset in which the assertion of the reset is timed by default.
WARNING: [DRC 23-20] Rule violation (REQP-1840) RAMB18 async control check - The RAMB18E1 CPU/prog_rom_port/ram_1024_x_18 has an input control pin CPU/prog_rom_port/ram_1024_x_18/ADDRARDADDR[12] (net: CPU/prog_rom_port/Q[8]) which is driven by a register (CPU/pc_port/PC_CNT_reg[8]) that has an active asychronous set or reset. This may cause corruption of the memory contents and/or read values when the set/reset is asserted and is not analyzed by the default static timing analysis. It is suggested to eliminate the use of a set/reset to registers driving this RAMB pin or else use a synchronous reset in which the assertion of the reset is timed by default.
WARNING: [DRC 23-20] Rule violation (REQP-1840) RAMB18 async control check - The RAMB18E1 CPU/prog_rom_port/ram_1024_x_18 has an input control pin CPU/prog_rom_port/ram_1024_x_18/ADDRARDADDR[13] (net: CPU/prog_rom_port/Q[9]) which is driven by a register (CPU/pc_port/PC_CNT_reg[9]) that has an active asychronous set or reset. This may cause corruption of the memory contents and/or read values when the set/reset is asserted and is not analyzed by the default static timing analysis. It is suggested to eliminate the use of a set/reset to registers driving this RAMB pin or else use a synchronous reset in which the assertion of the reset is timed by default.
WARNING: [DRC 23-20] Rule violation (REQP-1840) RAMB18 async control check - The RAMB18E1 CPU/prog_rom_port/ram_1024_x_18 has an input control pin CPU/prog_rom_port/ram_1024_x_18/ADDRARDADDR[4] (net: CPU/prog_rom_port/Q[0]) which is driven by a register (CPU/pc_port/PC_CNT_reg[0]) that has an active asychronous set or reset. This may cause corruption of the memory contents and/or read values when the set/reset is asserted and is not analyzed by the default static timing analysis. It is suggested to eliminate the use of a set/reset to registers driving this RAMB pin or else use a synchronous reset in which the assertion of the reset is timed by default.
WARNING: [DRC 23-20] Rule violation (REQP-1840) RAMB18 async control check - The RAMB18E1 CPU/prog_rom_port/ram_1024_x_18 has an input control pin CPU/prog_rom_port/ram_1024_x_18/ADDRARDADDR[5] (net: CPU/prog_rom_port/Q[1]) which is driven by a register (CPU/pc_port/PC_CNT_reg[1]) that has an active asychronous set or reset. This may cause corruption of the memory contents and/or read values when the set/reset is asserted and is not analyzed by the default static timing analysis. It is suggested to eliminate the use of a set/reset to registers driving this RAMB pin or else use a synchronous reset in which the assertion of the reset is timed by default.
WARNING: [DRC 23-20] Rule violation (REQP-1840) RAMB18 async control check - The RAMB18E1 CPU/prog_rom_port/ram_1024_x_18 has an input control pin CPU/prog_rom_port/ram_1024_x_18/ADDRARDADDR[6] (net: CPU/prog_rom_port/Q[2]) which is driven by a register (CPU/pc_port/PC_CNT_reg[2]) that has an active asychronous set or reset. This may cause corruption of the memory contents and/or read values when the set/reset is asserted and is not analyzed by the default static timing analysis. It is suggested to eliminate the use of a set/reset to registers driving this RAMB pin or else use a synchronous reset in which the assertion of the reset is timed by default.
WARNING: [DRC 23-20] Rule violation (REQP-1840) RAMB18 async control check - The RAMB18E1 CPU/prog_rom_port/ram_1024_x_18 has an input control pin CPU/prog_rom_port/ram_1024_x_18/ADDRARDADDR[7] (net: CPU/prog_rom_port/Q[3]) which is driven by a register (CPU/pc_port/PC_CNT_reg[3]) that has an active asychronous set or reset. This may cause corruption of the memory contents and/or read values when the set/reset is asserted and is not analyzed by the default static timing analysis. It is suggested to eliminate the use of a set/reset to registers driving this RAMB pin or else use a synchronous reset in which the assertion of the reset is timed by default.
WARNING: [DRC 23-20] Rule violation (REQP-1840) RAMB18 async control check - The RAMB18E1 CPU/prog_rom_port/ram_1024_x_18 has an input control pin CPU/prog_rom_port/ram_1024_x_18/ADDRARDADDR[8] (net: CPU/prog_rom_port/Q[4]) which is driven by a register (CPU/pc_port/PC_CNT_reg[4]) that has an active asychronous set or reset. This may cause corruption of the memory contents and/or read values when the set/reset is asserted and is not analyzed by the default static timing analysis. It is suggested to eliminate the use of a set/reset to registers driving this RAMB pin or else use a synchronous reset in which the assertion of the reset is timed by default.
WARNING: [DRC 23-20] Rule violation (REQP-1840) RAMB18 async control check - The RAMB18E1 CPU/prog_rom_port/ram_1024_x_18 has an input control pin CPU/prog_rom_port/ram_1024_x_18/ADDRARDADDR[9] (net: CPU/prog_rom_port/Q[5]) which is driven by a register (CPU/pc_port/PC_CNT_reg[5]) that has an active asychronous set or reset. This may cause corruption of the memory contents and/or read values when the set/reset is asserted and is not analyzed by the default static timing analysis. It is suggested to eliminate the use of a set/reset to registers driving this RAMB pin or else use a synchronous reset in which the assertion of the reset is timed by default.
WARNING: [DRC 23-20] Rule violation (REQP-1840) RAMB18 async control check - The RAMB18E1 CPU/prog_rom_port/ram_1024_x_18 has an input control pin CPU/prog_rom_port/ram_1024_x_18/ENARDEN (net: CPU/prog_rom_port/ram_1024_x_18_ENARDEN_cooolgate_en_sig_2) which is driven by a register (CPU/control_unit_port/PS_reg[0]) that has an active asychronous set or reset. This may cause corruption of the memory contents and/or read values when the set/reset is asserted and is not analyzed by the default static timing analysis. It is suggested to eliminate the use of a set/reset to registers driving this RAMB pin or else use a synchronous reset in which the assertion of the reset is timed by default.
WARNING: [DRC 23-20] Rule violation (REQP-1840) RAMB18 async control check - The RAMB18E1 CPU/prog_rom_port/ram_1024_x_18 has an input control pin CPU/prog_rom_port/ram_1024_x_18/ENARDEN (net: CPU/prog_rom_port/ram_1024_x_18_ENARDEN_cooolgate_en_sig_2) which is driven by a register (CPU/control_unit_port/PS_reg[1]) that has an active asychronous set or reset. This may cause corruption of the memory contents and/or read values when the set/reset is asserted and is not analyzed by the default static timing analysis. It is suggested to eliminate the use of a set/reset to registers driving this RAMB pin or else use a synchronous reset in which the assertion of the reset is timed by default.
INFO: [Vivado_Tcl 4-198] DRC finished with 0 Errors, 13 Warnings
INFO: [Vivado_Tcl 4-199] Please refer to the DRC report (report_drc) for more information.

Starting Placer Task
INFO: [Place 30-611] Multithreading enabled for place_design using a maximum of 2 CPUs

Phase 1 Placer Initialization
Netlist sorting complete. Time (s): cpu = 00:00:00 ; elapsed = 00:00:00.007 . Memory (MB): peak = 1033.715 ; gain = 0.000
INFO: [Timing 38-35] Done setting XDC timing constraints.
INFO: [Opt 31-138] Pushed 0 inverter(s) to 0 load pin(s).
Netlist sorting complete. Time (s): cpu = 00:00:00 ; elapsed = 00:00:00.002 . Memory (MB): peak = 1033.715 ; gain = 0.000

Phase 1.1 IO Placement/ Clock Placement/ Build Placer Device

Phase 1.1.1 Pre-Place Cells
Phase 1.1.1 Pre-Place Cells | Checksum: b96a1208

Time (s): cpu = 00:00:00 ; elapsed = 00:00:00.246 . Memory (MB): peak = 1033.715 ; gain = 0.000
INFO: [Timing 38-35] Done setting XDC timing constraints.

Phase 1.1.2 IO and Clk Clean Up
Phase 1.1.2 IO and Clk Clean Up | Checksum: b96a1208

Time (s): cpu = 00:00:02 ; elapsed = 00:00:01 . Memory (MB): peak = 1033.715 ; gain = 0.000

Phase 1.1.3 Implementation Feasibility check On IDelay
Phase 1.1.3 Implementation Feasibility check On IDelay | Checksum: b96a1208

Time (s): cpu = 00:00:02 ; elapsed = 00:00:01 . Memory (MB): peak = 1033.715 ; gain = 0.000

Phase 1.1.4 Commit IO Placement
Phase 1.1.4 Commit IO Placement | Checksum: 92f9d700

Time (s): cpu = 00:00:02 ; elapsed = 00:00:01 . Memory (MB): peak = 1033.715 ; gain = 0.000
Phase 1.1 IO Placement/ Clock Placement/ Build Placer Device | Checksum: 18dd6800e

Time (s): cpu = 00:00:02 ; elapsed = 00:00:01 . Memory (MB): peak = 1033.715 ; gain = 0.000

Phase 1.2 Build Placer Netlist Model

Phase 1.2.1 Place Init Design
Phase 1.2.1 Place Init Design | Checksum: 1bc6a51fe

Time (s): cpu = 00:00:02 ; elapsed = 00:00:01 . Memory (MB): peak = 1033.715 ; gain = 0.000
Phase 1.2 Build Placer Netlist Model | Checksum: 1bc6a51fe

Time (s): cpu = 00:00:02 ; elapsed = 00:00:01 . Memory (MB): peak = 1033.715 ; gain = 0.000

Phase 1.3 Constrain Clocks/Macros
Phase 1.3 Constrain Clocks/Macros | Checksum: 1bc6a51fe

Time (s): cpu = 00:00:02 ; elapsed = 00:00:01 . Memory (MB): peak = 1033.715 ; gain = 0.000
Phase 1 Placer Initialization | Checksum: 1bc6a51fe

Time (s): cpu = 00:00:02 ; elapsed = 00:00:01 . Memory (MB): peak = 1033.715 ; gain = 0.000

Phase 2 Global Placement
Phase 2 Global Placement | Checksum: 142b898b7

Time (s): cpu = 00:00:03 ; elapsed = 00:00:02 . Memory (MB): peak = 1033.715 ; gain = 0.000

Phase 3 Detail Placement

Phase 3.1 Commit Multi Column Macros
Phase 3.1 Commit Multi Column Macros | Checksum: 142b898b7

Time (s): cpu = 00:00:03 ; elapsed = 00:00:02 . Memory (MB): peak = 1033.715 ; gain = 0.000

Phase 3.2 Commit Most Macros & LUTRAMs
Phase 3.2 Commit Most Macros & LUTRAMs | Checksum: 2b37eeff2

Time (s): cpu = 00:00:03 ; elapsed = 00:00:02 . Memory (MB): peak = 1033.715 ; gain = 0.000

Phase 3.3 Area Swap Optimization
Phase 3.3 Area Swap Optimization | Checksum: 2aa84f82e

Time (s): cpu = 00:00:03 ; elapsed = 00:00:02 . Memory (MB): peak = 1033.715 ; gain = 0.000

Phase 3.4 Small Shape Detail Placement
Phase 3.4 Small Shape Detail Placement | Checksum: 18624e5cd

Time (s): cpu = 00:00:04 ; elapsed = 00:00:03 . Memory (MB): peak = 1033.715 ; gain = 0.000

Phase 3.5 Re-assign LUT pins
Phase 3.5 Re-assign LUT pins | Checksum: 18624e5cd

Time (s): cpu = 00:00:04 ; elapsed = 00:00:03 . Memory (MB): peak = 1033.715 ; gain = 0.000

Phase 3.6 Pipeline Register Optimization
Phase 3.6 Pipeline Register Optimization | Checksum: 18624e5cd

Time (s): cpu = 00:00:04 ; elapsed = 00:00:03 . Memory (MB): peak = 1033.715 ; gain = 0.000
Phase 3 Detail Placement | Checksum: 18624e5cd

Time (s): cpu = 00:00:04 ; elapsed = 00:00:03 . Memory (MB): peak = 1033.715 ; gain = 0.000

Phase 4 Post Placement Optimization and Clean-Up

Phase 4.1 Post Commit Optimization
Phase 4.1 Post Commit Optimization | Checksum: 18624e5cd

Time (s): cpu = 00:00:04 ; elapsed = 00:00:03 . Memory (MB): peak = 1033.715 ; gain = 0.000

Phase 4.2 Sweep Clock Roots: Post-Placement
Phase 4.2 Sweep Clock Roots: Post-Placement | Checksum: 18624e5cd

Time (s): cpu = 00:00:04 ; elapsed = 00:00:03 . Memory (MB): peak = 1033.715 ; gain = 0.000

Phase 4.3 Post Placement Cleanup
Phase 4.3 Post Placement Cleanup | Checksum: 18624e5cd

Time (s): cpu = 00:00:04 ; elapsed = 00:00:03 . Memory (MB): peak = 1033.715 ; gain = 0.000

Phase 4.4 Placer Reporting
Phase 4.4 Placer Reporting | Checksum: 18624e5cd

Time (s): cpu = 00:00:04 ; elapsed = 00:00:03 . Memory (MB): peak = 1033.715 ; gain = 0.000

Phase 4.5 Final Placement Cleanup
Phase 4.5 Final Placement Cleanup | Checksum: 141d19e24

Time (s): cpu = 00:00:04 ; elapsed = 00:00:03 . Memory (MB): peak = 1033.715 ; gain = 0.000
Phase 4 Post Placement Optimization and Clean-Up | Checksum: 141d19e24

Time (s): cpu = 00:00:04 ; elapsed = 00:00:03 . Memory (MB): peak = 1033.715 ; gain = 0.000
Ending Placer Task | Checksum: f819cc50

Time (s): cpu = 00:00:04 ; elapsed = 00:00:03 . Memory (MB): peak = 1033.715 ; gain = 0.000
INFO: [Common 17-83] Releasing license: Implementation
41 Infos, 14 Warnings, 0 Critical Warnings and 0 Errors encountered.
place_design completed successfully
Writing placer database...
Writing XDEF routing.
Writing XDEF routing logical nets.
Writing XDEF routing special nets.
Write XDEF Complete: Time (s): cpu = 00:00:01 ; elapsed = 00:00:00.343 . Memory (MB): peak = 1033.715 ; gain = 0.000
report_io: Time (s): cpu = 00:00:00 ; elapsed = 00:00:00.127 . Memory (MB): peak = 1033.715 ; gain = 0.000
report_utilization: Time (s): cpu = 00:00:00 ; elapsed = 00:00:00.038 . Memory (MB): peak = 1033.715 ; gain = 0.000
report_control_sets: Time (s): cpu = 00:00:00 ; elapsed = 00:00:00.007 . Memory (MB): peak = 1033.715 ; gain = 0.000
Command: route_design
Attempting to get a license for feature 'Implementation' and/or device 'xc7a35ti'
INFO: [Common 17-349] Got license for feature 'Implementation' and/or device 'xc7a35ti'
Running DRC as a precondition to command route_design
INFO: [DRC 23-27] Running DRC with 2 threads
INFO: [Vivado_Tcl 4-198] DRC finished with 0 Errors
INFO: [Vivado_Tcl 4-199] Please refer to the DRC report (report_drc) for more information.


Starting Routing Task
INFO: [Route 35-254] Multithreading enabled for route_design using a maximum of 2 CPUs
Checksum: PlaceDB: 41906aeb ConstDB: 0 ShapeSum: b6896165 RouteDB: 0

Phase 1 Build RT Design
Phase 1 Build RT Design | Checksum: a7a17c3c

Time (s): cpu = 00:00:26 ; elapsed = 00:00:23 . Memory (MB): peak = 1033.715 ; gain = 0.000

Phase 2 Router Initialization
INFO: [Route 35-64] No timing constraints were detected. The router will operate in resource-optimization mode.

Phase 2.1 Fix Topology Constraints
Phase 2.1 Fix Topology Constraints | Checksum: a7a17c3c

Time (s): cpu = 00:00:26 ; elapsed = 00:00:23 . Memory (MB): peak = 1033.973 ; gain = 0.258

Phase 2.2 Pre Route Cleanup
Phase 2.2 Pre Route Cleanup | Checksum: a7a17c3c

Time (s): cpu = 00:00:26 ; elapsed = 00:00:23 . Memory (MB): peak = 1033.973 ; gain = 0.258
 Number of Nodes with overlaps = 0
Phase 2 Router Initialization | Checksum: 9d42ef4d

Time (s): cpu = 00:00:27 ; elapsed = 00:00:24 . Memory (MB): peak = 1039.449 ; gain = 5.734

Phase 3 Initial Routing
Phase 3 Initial Routing | Checksum: 8667978f

Time (s): cpu = 00:00:27 ; elapsed = 00:00:24 . Memory (MB): peak = 1039.449 ; gain = 5.734

Phase 4 Rip-up And Reroute

Phase 4.1 Global Iteration 0
 Number of Nodes with overlaps = 202
 Number of Nodes with overlaps = 0
Phase 4.1 Global Iteration 0 | Checksum: 1b5ab7010

Time (s): cpu = 00:00:28 ; elapsed = 00:00:24 . Memory (MB): peak = 1039.449 ; gain = 5.734
Phase 4 Rip-up And Reroute | Checksum: 1b5ab7010

Time (s): cpu = 00:00:28 ; elapsed = 00:00:24 . Memory (MB): peak = 1039.449 ; gain = 5.734

Phase 5 Delay and Skew Optimization
Phase 5 Delay and Skew Optimization | Checksum: 1b5ab7010

Time (s): cpu = 00:00:28 ; elapsed = 00:00:24 . Memory (MB): peak = 1039.449 ; gain = 5.734

Phase 6 Post Hold Fix

Phase 6.1 Hold Fix Iter
Phase 6.1 Hold Fix Iter | Checksum: 1b5ab7010

Time (s): cpu = 00:00:28 ; elapsed = 00:00:24 . Memory (MB): peak = 1039.449 ; gain = 5.734
Phase 6 Post Hold Fix | Checksum: 1b5ab7010

Time (s): cpu = 00:00:28 ; elapsed = 00:00:24 . Memory (MB): peak = 1039.449 ; gain = 5.734

Phase 7 Route finalize

Router Utilization Summary
  Global Vertical Routing Utilization    = 0.521167 %
  Global Horizontal Routing Utilization  = 0.564029 %
  Routable Net Status*
  *Does not include unroutable nets such as driverless and loadless.
  Run report_route_status for detailed report.
  Number of Failed Nets               = 0
  Number of Unrouted Nets             = 0
  Number of Partially Routed Nets     = 0
  Number of Node Overlaps             = 0

Congestion Report
North Dir 1x1 Area, Max Cong = 24.3243%, No Congested Regions.
South Dir 1x1 Area, Max Cong = 33.3333%, No Congested Regions.
East Dir 1x1 Area, Max Cong = 29.4118%, No Congested Regions.
West Dir 1x1 Area, Max Cong = 30.8824%, No Congested Regions.
Phase 7 Route finalize | Checksum: 1b5ab7010

Time (s): cpu = 00:00:28 ; elapsed = 00:00:24 . Memory (MB): peak = 1039.449 ; gain = 5.734

Phase 8 Verifying routed nets

 Verification completed successfully
Phase 8 Verifying routed nets | Checksum: 1b5ab7010

Time (s): cpu = 00:00:28 ; elapsed = 00:00:24 . Memory (MB): peak = 1039.449 ; gain = 5.734

Phase 9 Depositing Routes
Phase 9 Depositing Routes | Checksum: ee888c3e

Time (s): cpu = 00:00:28 ; elapsed = 00:00:24 . Memory (MB): peak = 1039.449 ; gain = 5.734
INFO: [Route 35-16] Router Completed Successfully

Time (s): cpu = 00:00:28 ; elapsed = 00:00:24 . Memory (MB): peak = 1039.449 ; gain = 5.734

Routing Is Done.
INFO: [Common 17-83] Releasing license: Implementation
49 Infos, 14 Warnings, 0 Critical Warnings and 0 Errors encountered.
route_design completed successfully
route_design: Time (s): cpu = 00:00:28 ; elapsed = 00:00:25 . Memory (MB): peak = 1039.449 ; gain = 5.734
Writing placer database...
Writing XDEF routing.
Writing XDEF routing logical nets.
Writing XDEF routing special nets.
Write XDEF Complete: Time (s): cpu = 00:00:01 ; elapsed = 00:00:00.341 . Memory (MB): peak = 1039.449 ; gain = 0.000
INFO: [DRC 23-27] Running DRC with 2 threads
INFO: [Coretcl 2-168] The results of DRC are in file C:/Users/Calvin/CPE 233 Final Project/CPE 233 Final Project.runs/impl_1/RAT_wrapper_drc_routed.rpt.
INFO: [Timing 38-91] UpdateTimingParams: Speed grade: -1L, Delay Type: min_max.
INFO: [Timing 38-191] Multithreading enabled for timing update using a maximum of 2 CPUs
WARNING: [Timing 38-313] There are no user specified timing constraints. Timing constraints are needed for proper timing analysis.
WARNING: [Power 33-232] No user defined clocks were found in the design!
Resolution: Please specify clocks using create_clock/create_generated_clock for sequential elements. For pure combinatorial circuits, please specify a virtual clock, otherwise the vectorless estimation might be inaccurate
Running Vector-less Activity Propagation...

Finished Running Vector-less Activity Propagation
Attempting to get a license for feature 'Implementation' and/or device 'xc7a35ti'
INFO: [Common 17-349] Got license for feature 'Implementation' and/or device 'xc7a35ti'
Running DRC as a precondition to command write_bitstream
INFO: [DRC 23-27] Running DRC with 2 threads
WARNING: [DRC 23-20] Rule violation (REQP-1840) RAMB18 async control check - The RAMB18E1 CPU/prog_rom_port/ram_1024_x_18 has an input control pin CPU/prog_rom_port/ram_1024_x_18/ADDRARDADDR[10] (net: CPU/prog_rom_port/Q[6]) which is driven by a register (CPU/pc_port/PC_CNT_reg[6]) that has an active asychronous set or reset. This may cause corruption of the memory contents and/or read values when the set/reset is asserted and is not analyzed by the default static timing analysis. It is suggested to eliminate the use of a set/reset to registers driving this RAMB pin or else use a synchronous reset in which the assertion of the reset is timed by default.
WARNING: [DRC 23-20] Rule violation (REQP-1840) RAMB18 async control check - The RAMB18E1 CPU/prog_rom_port/ram_1024_x_18 has an input control pin CPU/prog_rom_port/ram_1024_x_18/ADDRARDADDR[11] (net: CPU/prog_rom_port/Q[7]) which is driven by a register (CPU/pc_port/PC_CNT_reg[7]) that has an active asychronous set or reset. This may cause corruption of the memory contents and/or read values when the set/reset is asserted and is not analyzed by the default static timing analysis. It is suggested to eliminate the use of a set/reset to registers driving this RAMB pin or else use a synchronous reset in which the assertion of the reset is timed by default.
WARNING: [DRC 23-20] Rule violation (REQP-1840) RAMB18 async control check - The RAMB18E1 CPU/prog_rom_port/ram_1024_x_18 has an input control pin CPU/prog_rom_port/ram_1024_x_18/ADDRARDADDR[12] (net: CPU/prog_rom_port/Q[8]) which is driven by a register (CPU/pc_port/PC_CNT_reg[8]) that has an active asychronous set or reset. This may cause corruption of the memory contents and/or read values when the set/reset is asserted and is not analyzed by the default static timing analysis. It is suggested to eliminate the use of a set/reset to registers driving this RAMB pin or else use a synchronous reset in which the assertion of the reset is timed by default.
WARNING: [DRC 23-20] Rule violation (REQP-1840) RAMB18 async control check - The RAMB18E1 CPU/prog_rom_port/ram_1024_x_18 has an input control pin CPU/prog_rom_port/ram_1024_x_18/ADDRARDADDR[13] (net: CPU/prog_rom_port/Q[9]) which is driven by a register (CPU/pc_port/PC_CNT_reg[9]) that has an active asychronous set or reset. This may cause corruption of the memory contents and/or read values when the set/reset is asserted and is not analyzed by the default static timing analysis. It is suggested to eliminate the use of a set/reset to registers driving this RAMB pin or else use a synchronous reset in which the assertion of the reset is timed by default.
WARNING: [DRC 23-20] Rule violation (REQP-1840) RAMB18 async control check - The RAMB18E1 CPU/prog_rom_port/ram_1024_x_18 has an input control pin CPU/prog_rom_port/ram_1024_x_18/ADDRARDADDR[4] (net: CPU/prog_rom_port/Q[0]) which is driven by a register (CPU/pc_port/PC_CNT_reg[0]) that has an active asychronous set or reset. This may cause corruption of the memory contents and/or read values when the set/reset is asserted and is not analyzed by the default static timing analysis. It is suggested to eliminate the use of a set/reset to registers driving this RAMB pin or else use a synchronous reset in which the assertion of the reset is timed by default.
WARNING: [DRC 23-20] Rule violation (REQP-1840) RAMB18 async control check - The RAMB18E1 CPU/prog_rom_port/ram_1024_x_18 has an input control pin CPU/prog_rom_port/ram_1024_x_18/ADDRARDADDR[5] (net: CPU/prog_rom_port/Q[1]) which is driven by a register (CPU/pc_port/PC_CNT_reg[1]) that has an active asychronous set or reset. This may cause corruption of the memory contents and/or read values when the set/reset is asserted and is not analyzed by the default static timing analysis. It is suggested to eliminate the use of a set/reset to registers driving this RAMB pin or else use a synchronous reset in which the assertion of the reset is timed by default.
WARNING: [DRC 23-20] Rule violation (REQP-1840) RAMB18 async control check - The RAMB18E1 CPU/prog_rom_port/ram_1024_x_18 has an input control pin CPU/prog_rom_port/ram_1024_x_18/ADDRARDADDR[6] (net: CPU/prog_rom_port/Q[2]) which is driven by a register (CPU/pc_port/PC_CNT_reg[2]) that has an active asychronous set or reset. This may cause corruption of the memory contents and/or read values when the set/reset is asserted and is not analyzed by the default static timing analysis. It is suggested to eliminate the use of a set/reset to registers driving this RAMB pin or else use a synchronous reset in which the assertion of the reset is timed by default.
WARNING: [DRC 23-20] Rule violation (REQP-1840) RAMB18 async control check - The RAMB18E1 CPU/prog_rom_port/ram_1024_x_18 has an input control pin CPU/prog_rom_port/ram_1024_x_18/ADDRARDADDR[7] (net: CPU/prog_rom_port/Q[3]) which is driven by a register (CPU/pc_port/PC_CNT_reg[3]) that has an active asychronous set or reset. This may cause corruption of the memory contents and/or read values when the set/reset is asserted and is not analyzed by the default static timing analysis. It is suggested to eliminate the use of a set/reset to registers driving this RAMB pin or else use a synchronous reset in which the assertion of the reset is timed by default.
WARNING: [DRC 23-20] Rule violation (REQP-1840) RAMB18 async control check - The RAMB18E1 CPU/prog_rom_port/ram_1024_x_18 has an input control pin CPU/prog_rom_port/ram_1024_x_18/ADDRARDADDR[8] (net: CPU/prog_rom_port/Q[4]) which is driven by a register (CPU/pc_port/PC_CNT_reg[4]) that has an active asychronous set or reset. This may cause corruption of the memory contents and/or read values when the set/reset is asserted and is not analyzed by the default static timing analysis. It is suggested to eliminate the use of a set/reset to registers driving this RAMB pin or else use a synchronous reset in which the assertion of the reset is timed by default.
WARNING: [DRC 23-20] Rule violation (REQP-1840) RAMB18 async control check - The RAMB18E1 CPU/prog_rom_port/ram_1024_x_18 has an input control pin CPU/prog_rom_port/ram_1024_x_18/ADDRARDADDR[9] (net: CPU/prog_rom_port/Q[5]) which is driven by a register (CPU/pc_port/PC_CNT_reg[5]) that has an active asychronous set or reset. This may cause corruption of the memory contents and/or read values when the set/reset is asserted and is not analyzed by the default static timing analysis. It is suggested to eliminate the use of a set/reset to registers driving this RAMB pin or else use a synchronous reset in which the assertion of the reset is timed by default.
WARNING: [DRC 23-20] Rule violation (REQP-1840) RAMB18 async control check - The RAMB18E1 CPU/prog_rom_port/ram_1024_x_18 has an input control pin CPU/prog_rom_port/ram_1024_x_18/ENARDEN (net: CPU/prog_rom_port/ram_1024_x_18_ENARDEN_cooolgate_en_sig_2) which is driven by a register (CPU/control_unit_port/PS_reg[0]) that has an active asychronous set or reset. This may cause corruption of the memory contents and/or read values when the set/reset is asserted and is not analyzed by the default static timing analysis. It is suggested to eliminate the use of a set/reset to registers driving this RAMB pin or else use a synchronous reset in which the assertion of the reset is timed by default.
WARNING: [DRC 23-20] Rule violation (REQP-1840) RAMB18 async control check - The RAMB18E1 CPU/prog_rom_port/ram_1024_x_18 has an input control pin CPU/prog_rom_port/ram_1024_x_18/ENARDEN (net: CPU/prog_rom_port/ram_1024_x_18_ENARDEN_cooolgate_en_sig_2) which is driven by a register (CPU/control_unit_port/PS_reg[1]) that has an active asychronous set or reset. This may cause corruption of the memory contents and/or read values when the set/reset is asserted and is not analyzed by the default static timing analysis. It is suggested to eliminate the use of a set/reset to registers driving this RAMB pin or else use a synchronous reset in which the assertion of the reset is timed by default.
WARNING: [DRC 23-20] Rule violation (RPBF-3) IO port buffering is incomplete - Device port PS2D expects both input and output buffering but the buffers are incomplete.
INFO: [Vivado 12-3199] DRC finished with 0 Errors, 13 Warnings
INFO: [Vivado 12-3200] Please refer to the DRC report (report_drc) for more information.
INFO: [Designutils 20-2272] Running write_bitstream with 2 threads.
Loading data files...
Loading site data...
Loading route data...
Processing options...
Creating bitmap...
Creating bitstream...
Bitstream compression saved 13552896 bits.
Writing bitstream ./RAT_wrapper.bit...
INFO: [Vivado 12-1842] Bitgen Completed Successfully.
INFO: [Project 1-120] WebTalk data collection is mandatory when using a WebPACK part without a full Vivado license. To see the specific WebTalk data collected for your design, open the usage_statistics_webtalk.html or usage_statistics_webtalk.xml file in the implementation directory.
Access is denied.
Access is denied.
INFO: [Common 17-83] Releasing license: Implementation
write_bitstream: Time (s): cpu = 00:00:15 ; elapsed = 00:00:13 . Memory (MB): peak = 1407.934 ; gain = 347.020
INFO: [Vivado_Tcl 4-395] Unable to parse hwdef file RAT_wrapper.hwdef
INFO: [Common 17-206] Exiting Vivado at Thu May 26 08:24:59 2016...
